<?xml version="1.0" encoding="UTF-8" standalone="yes" ?>

<item>
<title>MY TEST</title>
<link>plugin://plugin.video.f4mTester/?streamtype=HDS&amp;maxbitrate=1264000&amp;url=$doregex[encodedurl]</link>
<regex>
    <name>encodedurl</name>
    <expres>$pyFunction:urllib.quote_plus('http://tv3iossecure-i.akamaihd.net/hls/live/225715/ios/tv3ios_sp/master.m3u8?hdnea=$doregex[get-token]&amp;hdcore=3.8.0&amp;plugin=jwplayer-3.8.0.0')</expres>
    <page></page>
</regex>
<regex>
      <name>get-token</name>
      <expres>(.*)<expres>
      <page>http://player.ooyala.com/sas/player_api/v2/authorization/embed_code/owMjgyOkSbJagb4ozVY_03UrHYLt/J3ZmNmeDpV1EMWlR6YJU_YDCqKbh_bSg?device=html5&amp;domain=player.ooyala.com&amp;auth_token=andHeCt3blFhWW1NV3R1WjV0eFlxL1FYUGJhWk1TSWJBeEZ0Lzl2ampUUnQ4WjJYNU84WlBybWNvVEY1CjlBOEFqT3RtdkxqOUZ6am85QUF6dXg0MVhVMVdYekpYN0dMNGY1RE9KZGJSdkQ3WkNyc0tlQ0F5dC93UgpCU3RGYTRSMHR0NEozL2hRMnNWTUtkN3grSFRjQXpQT0p6d2tLZzhBeTZscFA0RkVPUmVlbzlnN0lFWDIKUEx5MWZZNDB6eVYxU2g5NzJsLytxRU5MbjdHOFpKbmhySElVZitmMUpkM2JiR2pSME90bHNaWnFob1ArCmNQbjdyS04wMnlHSDVNczUK</page>
      <referer></referer>
</regex>
</item>

<item>
<title>LIGA SUPER MALAYSIA - LIVE GAMES</title>
<link>plugin://plugin.video.f4mTester/?url=http://my2liveflash-lh.akamaihd.net/z/my2liveflash_my@30545/manifest.f4m?hdcore=2.10.3&amp;g=LWDJMNJWQIGA&amp;swf=http://dpndczlul8yjf.cloudfront.net/resources/as3_vp_player_2.4.16.2.0.swf</link>
</item>

<item>
<title>MOVISTAR F1</title>
<link>http://cdn.sstream.pw/live/tvb116/playlist.m3u8|Referer=http://www.playerhd2.pw/embed5.php</link>
</item>
<item>
<title>MOVISTAR MOTO GP</title>
<link>http://cdn.sstream.pw/live/tvb117/playlist.m3u8|Referer=http://www.playerhd2.pw/embed5.php</link>
</item>

<item>
<title>ZEE</title>
<link>plugin://plugin.video.f4mTester/?url=http://internext.zapto.org:8000/live/ismail/ismail/523.ts&amp;streamtype=TSDOWNLOADER</link>
</item>


<item>
<title>BBC1</title>
<link>plugin://plugin.video.f4mTester/?url=http://IPTV-VOLKAN.NET:8000/live/mike/mike1/349.ts&amp;streamtype=TSDOWNLOADER</link>
</item>

<item>
<title>BEIN MAX IPSAT</title>
<link>plugin://plugin.video.f4mTester/?url=http://212.47.248.157:2300/live/star7arab/star7arab/1.ts&amp;streamtype=TSDOWNLOADER</link>
</item>

<item>
<title>CTH LENSA GOL</title>
<link>rtmp://119.81.19.107:1935/indopeer?Q1hiYVNoTHdLUzhIRHRod1NtRWpvWDRVQU1kUjdWWHNzbExjdjRvMUJLdWhhRFZ5SytycThacGlzQTdxYkdwbmtxVkdHMC9STG5sWUxYbWJ0aW9jMTJ3K01Fd3gwMjBYOUF2SU9HM1h0dnM9/ playpath=hdmi2 swfUrl=http://p.jwpcdn.com/6/10/jwplayer.flash.swf live=1 pageUrl=http://lensagol-live.com/channel/view/2?w=825&h=464|User-Agent=Mozilla/5.0</link>
</item>

<item>
<title>SKYNET 1 LENSA GOL</title>
<link>rtmp://119.81.19.107:1935/indopeer?Q1hiYVNoTHdLUzhIRHRod1NtRWpvWDRVQU1kUjdWWHNzbExjdjRvMUJLdWhhRFZ5SytycThacGlzQTdxYkdwbmd0MUQ1RGU2YmJBMk14NGFPRVhEZzJ3K01Fd3gwMjBYOUF2SU9HM1h0dnM9/ playpath=skynets1 swfUrl=http://p.jwpcdn.com/6/10/jwplayer.flash.swf live=1 pageUrl=http://lensagol-live.com/channel/view/45?w=825&h=464|User-Agent=Mozilla/5.0</link>
</item>

<item>
<title>BEIN MAX 1</title>
<link>plugin://plugin.video.f4mTester/?url=http://pro-iptv.ddns.net:8080/live/plexMio/WMTq4nBEkY/3046.ts&amp;streamtype=TSDOWNLOADER</link>
</item>

<item>
<title>BEIN MAX 1</title>
<link>http://62.210.248.96:11000/live/test/test/7785.ts</link>
</item>

<item>
<title>BEIN MAX 2</title>
<link>http://62.210.248.96:11000/live/test/test/7786.ts</link>
</item>


<item>
<title>kompas TEST</title>
<link>rtmp://202.137.11.52:1935/jakarta/offair.sdp</link>
</item>

<item>
    <title>TEST | URL=http://www.layarku.tv/tv1.html</title> 
    <link>plugin://plugin.video.f4mTester/?streamtype=HLS&amp;url=$doregex[encodedurl]</link>
    <regex>
    <name>encodedurl</name>
    <expres>$pyFunction:urllib.quote_plus('$doregex[getsxtream]')</expres>
    <page></page>
  </regex>
  <regex>
    <name>getsxtream</name>
    <expres>"file":.+?(h.+\m3u8)</expres>
    <page>$doregex[page]</page>
    <referer>http://www.layarku.tv/media/tv1.php</referer>
    <agent>Mozilla/5.0 (Windows NT 10.0; WOW64) AppleWebKit/537.36 (KHTML, like Gecko) Chrome/50.0.2661.102 Safari/537.36</agent>
    <accept>*/*</accept>
    <connection>keep-alive</connection>
    <cookieJar></cookieJar>
  </regex>
  <regex>
    <name>page</name>
    <expres>script src='([^"]+)'</expres>
    <page>http://www.layarku.tv/media/tv1.php</page>
    <referer>http://www.layarku.tv/tv1.html</referer>
    <agent>Mozilla/5.0 (Windows NT 10.0; WOW64) AppleWebKit/537.36 (KHTML, like Gecko) Chrome/50.0.2661.102 Safari/537.36</agent>
    <accept>*/*;q=0.8</accept>
    <connection>keep-alive</connection>
    <x-req>ShockwaveFlash/21.0.0.242</x-req>
    <cookieJar></cookieJar>
    </regex>
    <thumbnail></thumbnail>
</item>

<item>
<title>star world test</title>
<link>$doregex[encodedurl]</link>
<regex>
<name>encodedurl</name>
<expres>$pyFunction:urllib.quote_plus('$doregex[get=URL]]')</expres>
<page></page>
</regex>
<regex>
<name>get=URL</name>
<expres><![CDATA[#$pyFunction
import requests, re
def GetLSProData(page_data,Cookie_Jar,m,url = 'http://www.layarku.tv/media/swhd.php?url=http://iptv-blue.mine.nu/fwtv/65f7358b813048a0898f5677e1793cf9.m3u8'):
 headers = {'User-Agent': 'Mozilla/5.0','Referer': 'http://www.layarku.tv/media/swhdjw.php'}
 source = requests.get(url, headers=headers)
 m3u8 = re.findall('BANDWIDTH=[\d\D]*\n.*?([^\"]+)', source.text)[0]
 return m3u8 + '|headers'
]]></expres>
<page></page>
<cookieJar></cookieJar>
</regex>
<accept>*/*</accept>
<x-req>ShockwaveFlash/21.0.0.242</x-req>
</item>

<item>
<title>http://www.mivo.com/#/live/sctv</title> 
<link>plugin://plugin.video.f4mTester/?streamtype=HLS&amp;url=$doregex[encodedurl]|User-Agent=Mozilla/5.0 (Windows NT 10.0; WOW64) AppleWebKit/537.36 (KHTML, like Gecko) Chrome/50.0.2661.102 Safari/537.36&amp;Accept-Encoding=gzip&amp;Referer=http://www.mivo.com/</link>

<regex>
    <name>encodedurl</name>
    <expres>$pyFunction:urllib.quote_plus('$doregex[get-hls]')</expres>
    <page></page>
</regex>

<regex>
<name>get-hls</name>
<expres><![CDATA[#$pyFunction
def GetLSProData(page_data,Cookie_Jar,m):
 import requests
 import re


 headers0 = {'User-Agent': 'Mozilla/5.0 (Windows NT 10.0; WOW64) AppleWebKit/537.36 (KHTML, like Gecko) Chrome/50.0.2661.102 Safari/537.36'}
 url0= 'http://api.mivo.com/v4/web/channels'
 source0= requests.get(url0, headers=headers0)
 m3u8= re.findall('sctv","dataUrl":"(.*?)"', source0.text)[0]

 headers1 = {'User-Agent': 'Mozilla/5.0 (Windows NT 10.0; WOW64) AppleWebKit/537.36 (KHTML, like Gecko) Chrome/50.0.2661.102 Safari/537.36', 'Authorization': 'otBp3oYTBjo-LUCQY7s9Bb0y2CEW0jj4'}
 url1= 'http://api.mivo.com/v4/web/channels/wms-auth'
 source1= requests.get(url1, headers=headers1)
 wms_auth= re.findall('"sign":"(.*?)"', source1.text)[0]
 url2 = m3u8 + wms_auth
 source2= requests.get(url2, headers=headers0)
 maxbitrate= re.findall('(http.*)', source2.text)[0]

 return maxbitrate
]]></expres>
<page></page>
<x-req>ShockwaveFlash/21.0.0.242</x-req>
</regex>
 </item>

<item>
<title>movistar TEST</title>
<link>plugin://plugin.video.f4mTester/?url=http://ipsatpro.com:8000/live/persian.eagle/persian.eagle/1011.ts&amp;streamtype=TSDOWNLOADER</link>
</item>

<item>
<title>LETV SPORTS</title>
<link>http://live.g3proxy.lecloud.com/gslb?stream_id=lb_sports_720p&amp;tag=live&amp;ext=m3u8&amp;sign=live_tv&amp;platid=10&amp;splatid=1009&amp;format=letv&amp;expect=1%7CUser-Agent=Mozilla/5.0</link>
</item>

<item>
<title>FOX SPORTS 1 USA TEST</title>
<link>http://ooyalahd2-f.akamaihd.net/i/eslax17_delivery@349499/index_564_av-p.m3u8</link>
</item>


<item>
<title>BT SPORT 1 HD TEST</title>
<link>plugin://plugin.video.f4mTester/?url=http://smashtv.ddns.net:9090/load/946a914c3965/429.mpegts&amp;streamtype=TSDOWNLOADER</link>
</item>

<item>
<title>BT SPORT 2 HD TEST</title>
<link>plugin://plugin.video.f4mTester/?url=http://smashtv.ddns.net:9090/load/946a914c3965/432.mpegts&amp;streamtype=TSDOWNLOADER</link>
</item>

<item>
<title>SKY SPORTS 1 HD TEST</title>
<link>plugin://plugin.video.f4mTester/?url=http://smashtv.ddns.net:9090/load/946a914c3965/24.mpegts&amp;streamtype=TSDOWNLOADER</link>
</item>

<item>
<title>ASTRO SUPERSPORT 1 TEST</title>
<link>plugin://plugin.video.f4mTester/?url=http://smashtv.ddns.net:9090/load/946a914c3965/484.mpegts&amp;streamtype=TSDOWNLOADER</link>
</item>

<item>
<title>NBCSN TEST</title>
<f4m>http://54.177.79.231/server/play/nbcsnxctg/2626000/prog.m3u8|X-Forwarded-For=54.183.196.251|User-Agent=Mozilla/5.0 (iPad; CPU OS 6_0 like Mac OS X) AppleWebKit/536.26 (KHTML, like Gecko) Version/6.0 Mobile/10A5376e Safari/8536.25</f4m>
</item>

<item>
<title>FS2</title>
<link>$doregex[get_sxstream]|User-Agent=Mozilla/5.0 (iPad; CPU OS 6_0 like Mac OS X) AppleWebKit/536.26 (KHTML, like Gecko) Version/6.0 Mobile/10A5376e Safari/8536.25</link>
<regex>
<name>get_sxstream</name>
<expres>src=.*[",'](.*m3u8.*?)[",']</expres>
<page>http://www.liveonlinetv247.info/embed/foxsports2.php</page>
<referer>http://www.liveonlinetv247.info/</referer>
</regex>
</item>

<item>
<title>TEST SS1</title>
<link>plugin://plugin.video.f4mTester/?url=http://stream.does-it.net:8000/live/dom/dom/589.ts&amp;streamtype=TSDOWNLOADER</link>
</item>

<item>
<title>TEST MIVO SCTV</title>
<link>$doregex[URL]$doregex[wmsauth]|Referer=http://www.mivo.com/&amp;User-Agent=iPhone</link>
<regex>
<name>URL</name>
<expres>sctv","dataUrl":"(.*?)"\W</expres>
<page>http://api.mivo.com/v4/web/channels</page>
<referer>http://www.mivo.com/</referer>
<agent>Mozilla/5.0 (Windows NT 10.0; WOW64) AppleWebKit/537.36 (KHTML, like Gecko) Chrome/49.0.2623.110 Safari/537.36</agent>
</regex>
<regex>
<name>wmsauth</name>
<expres>si.*:[",'](.*?)[',"]\W</expres>
<page>http://api.mivo.com/v3/mobile/channels/wms-auth</page>
<referer>http://www.mivo.com/</referer>
<agent>Mozilla/5.0 (Windows NT 10.0; WOW64) AppleWebKit/537.36 (KHTML, like Gecko) Chrome/49.0.2623.110 Safari/537.36 Authorization: BY-TrgLgK0NMzXb_JB_81DfeOxK_SNH7</agent>
</regex>
</item>


<item>
<title>SS1 BALTICBOX</title>
<link>http://stream.balticbox.tv:8080/SkySP1/mono.m3u8?token=asg!1dkhaSG!!54754</link>
<thumbnail></thumbnail>
</item>

<item>
<title>BTEUR BALTICBOX</title>
<link>http://stream.balticbox.tv:8080/BTSpeur/mono.m3u8?token=asg!1dkhaSG!!54754</link>
<thumbnail></thumbnail>
</item>

<item>
  <title>TEST | **www.filmon.com/tv/ufc-next**</title>
  <link>$doregex[sxlink]</link>
  <regex>
    <name>sxlink</name>
    <expres><![CDATA[high.stream.*?(http.*?)[",']\W]]></expres>
    <page>http://www.filmon.com/api-v2/channel/$doregex[ch_id]</page>
    <referer>http://www.filmon.com/tv/channel/export?channel_id=$doregex[ch_id]</referer>
    <agent>Mozilla/5.0 (Windows NT 10.0; WOW64) AppleWebKit/537.36 (KHTML, like Gecko) Chrome/49.0.2623.110 Safari/537.36</agent>
    <accept>*/*; q=0.01</accept>
    <cookieJar></cookieJar>
    </includeheaders>
  </regex>
  <regex>
    <name>ch_id</name>
    <expres><![CDATA[clicked_channel_id.*?[",'](.*?)[",']\W]]></expres>
    <page>https://www.filmon.com/tv/ufc-next</page>
    <agent>Mozilla/5.0 (Windows NT 10.0; WOW64) AppleWebKit/537.36 (KHTML, like Gecko) Chrome/49.0.2623.110 Safari/537.36</agent>
    <accept>*/*; q=0.01</accept>
    <cookieJar></cookieJar>
    </includeheaders>
  </regex>
</item>

<item>
  <title>BEIN 3 | NEED INDONESIAN IP/VPN</title>
  <link>$doregex[ReplaceUrl]|User-Aget=iPhone&amp;Referer=http://www.useetv.com/livetv/bein3</link>
<regex>
  <name>ReplaceUrl</name>
  <expres>$pyFunction: '$doregex[PlayURL]'.replace('\/','/')</expres>
  <page></page>
</regex>
<regex>
  <name>PlayURL</name>
  <expres>play_url":"([^"]+)",</expres>
  <page><![CDATA[http://www.useetv.com/services/tv_play_auth?channel_code=bein3&token=&starttime=&endtime=&vd_service=livetv]]></page>
  <referer>http://www.useetv.com/livetv/bein3</referer>
  <x-req>XMLHttpRequest</x-req>
  <agent>Mozilla/5.0 (X11; Linux i686; rv:42.0) Gecko/20100101 Firefox/42.0 Iceweasel/42.0', 'Authorization': 'BY-TrgLgK0NMzXb_JB_81DfeOxK_SNH7</agent>
  <accept>*/*</accept>
</regex>
<thumbnail></thumbnail>
</item>

<item>
<title>TEST MIVO</title>
<link>plugin://plugin.video.f4mTester/?streamtype=HLS&amp;url=$doregex[encodedurl]</link>
<regex>
    <name>encodedurl</name>
    <expres>$pyFunction:urllib.quote_plus('$doregex[get-hls]')</expres>
    <page></page>
</regex>
 
<regex>
<name>get-hls</name>
<expres><![CDATA[#$pyFunction
def GetLSProData(page_data,Cookie_Jar,m):
 import requests
 import re
 
 
 headers0 = {'User-Agent': 'Mozilla/5.0 (Windows NT 10.0; WOW64) AppleWebKit/537.36 (KHTML, like Gecko) Chrome/50.0.2661.102 Safari/537.36'}
 url0= 'http://api.mivo.com/v4/web/channels'
 source0= requests.get(url0, headers=headers0)
 m3u8= re.findall('antv","dataUrl":"(.*?)"', source0.text)[0]
 
 headers1 = {'User-Agent': 'Mozilla/5.0 (Windows NT 10.0; WOW64) AppleWebKit/537.36 (KHTML, like Gecko) Chrome/50.0.2661.102 Safari/537.36', 'Authorization': 'otBp3oYTBjo-LUCQY7s9Bb0y2CEW0jj4'}
 url1= 'http://api.mivo.com/v4/web/channels/wms-auth'
 source1= requests.get(url1, headers=headers1)
 wms_auth= re.findall('"sign":"(.*?)"', source1.text)[0]
 url2 = m3u8 + wms_auth
 source2= requests.get(url2, headers=headers0)
 maxbitrate= re.findall('(http.*)', source2.text)[0]
 
 return maxbitrate
]]></expres>
<page></page>
</regex>
</item>
